TN:
SF:lib/cn.ts
FN:4,cn
FNF:1
FNH:1
FNDA:9,cn
DA:1,1
DA:2,1
DA:3,1
DA:4,1
DA:5,9
DA:6,9
LF:6
LH:6
BRDA:4,0,0,9
BRF:1
BRH:1
end_of_record
TN:
SF:lib/condition-evaluator.ts
FN:24,evaluateCondition
FN:54,resolveFieldValue
FNF:2
FNH:2
FNDA:43,evaluateCondition
FNDA:36,resolveFieldValue
DA:1,1
DA:2,1
DA:3,1
DA:4,1
DA:5,1
DA:6,1
DA:7,1
DA:8,1
DA:9,1
DA:10,1
DA:11,1
DA:12,1
DA:13,1
DA:14,1
DA:15,1
DA:16,1
DA:17,1
DA:18,1
DA:19,1
DA:20,1
DA:21,1
DA:22,1
DA:23,1
DA:24,1
DA:25,43
DA:26,43
DA:27,43
DA:28,43
DA:29,43
DA:30,43
DA:31,43
DA:32,43
DA:33,43
DA:34,43
DA:35,43
DA:36,43
DA:37,43
DA:38,43
DA:39,43
DA:40,43
DA:41,43
DA:42,43
DA:43,43
DA:44,43
DA:45,43
DA:46,43
DA:47,43
DA:48,43
DA:49,1
DA:50,1
DA:51,1
DA:52,1
DA:53,1
DA:54,1
DA:55,36
DA:56,36
DA:57,36
DA:58,36
DA:59,36
DA:60,36
DA:61,36
DA:62,36
DA:63,36
DA:64,36
DA:65,55
DA:66,54
DA:67,54
DA:68,36
DA:69,32
DA:70,32
LF:70
LH:70
BRDA:24,0,0,43
BRDA:31,1,0,19
BRDA:34,2,0,3
BRDA:35,3,0,2
BRDA:36,4,0,7
BRDA:36,5,0,6
BRDA:37,6,0,4
BRDA:38,7,0,3
BRDA:39,8,0,3
BRDA:40,9,0,4
BRDA:41,10,0,2
BRDA:42,11,0,5
BRDA:42,12,0,4
BRDA:43,13,0,4
BRDA:43,14,0,3
BRDA:43,15,0,2
BRDA:44,16,0,3
BRDA:44,17,0,2
BRDA:45,18,0,3
BRDA:45,19,0,2
BRDA:46,20,0,0
BRDA:54,21,0,36
BRDA:60,22,0,5
BRDA:64,23,0,55
BRDA:65,24,0,1
BRDA:65,25,0,54
BRDA:68,26,0,4
BRDA:68,27,0,32
BRF:28
BRH:27
end_of_record
TN:
SF:lib/errors.ts
FN:21,AppError
FN:41,toUserMessage
FN:45,toJSON
FN:59,ValidationError
FN:65,NotFoundError
FN:75,UnauthorizedError
FN:81,ForbiddenError
FN:87,ConflictError
FN:97,GoogleApiError
FN:101,toUserMessage
FN:109,ProviderError
FN:114,toUserMessage
FN:122,LlmProviderError
FN:127,toUserMessage
FN:139,GenerationError
FN:144,toUserMessage
FN:154,isAppError
FN:159,toErrorResponse
FN:181,withErrorHandling
FNF:19
FNH:19
FNDA:61,AppError
FNDA:2,toUserMessage
FNDA:1,toJSON
FNDA:5,ValidationError
FNDA:12,NotFoundError
FNDA:3,UnauthorizedError
FNDA:3,ForbiddenError
FNDA:2,ConflictError
FNDA:2,GoogleApiError
FNDA:3,toUserMessage
FNDA:10,ProviderError
FNDA:1,toUserMessage
FNDA:8,LlmProviderError
FNDA:1,toUserMessage
FNDA:11,GenerationError
FNDA:2,toUserMessage
FNDA:14,isAppError
FNDA:6,toErrorResponse
FNDA:3,withErrorHandling
DA:1,1
DA:2,1
DA:3,1
DA:4,1
DA:5,1
DA:6,1
DA:7,1
DA:8,1
DA:9,1
DA:10,1
DA:11,1
DA:12,1
DA:13,1
DA:14,1
DA:15,1
DA:16,1
DA:17,1
DA:18,1
DA:19,1
DA:20,1
DA:21,1
DA:22,61
DA:23,61
DA:24,61
DA:25,61
DA:26,61
DA:27,61
DA:28,61
DA:29,61
DA:30,61
DA:31,61
DA:32,61
DA:33,61
DA:34,61
DA:35,61
DA:36,61
DA:37,61
DA:38,61
DA:39,1
DA:40,1
DA:41,1
DA:42,2
DA:43,2
DA:44,1
DA:45,1
DA:46,1
DA:47,1
DA:48,1
DA:49,1
DA:50,1
DA:51,1
DA:52,1
DA:53,1
DA:54,1
DA:55,1
DA:56,1
DA:57,1
DA:58,1
DA:59,1
DA:60,5
DA:61,5
DA:62,1
DA:63,1
DA:64,1
DA:65,1
DA:66,12
DA:67,12
DA:68,12
DA:69,12
DA:70,12
DA:71,12
DA:72,1
DA:73,1
DA:74,1
DA:75,1
DA:76,3
DA:77,3
DA:78,1
DA:79,1
DA:80,1
DA:81,1
DA:82,3
DA:83,3
DA:84,1
DA:85,1
DA:86,1
DA:87,1
DA:88,2
DA:89,2
DA:90,1
DA:91,1
DA:92,1
DA:93,1
DA:94,1
DA:95,1
DA:96,1
DA:97,1
DA:98,2
DA:99,2
DA:100,1
DA:101,1
DA:102,3
DA:103,3
DA:104,1
DA:105,1
DA:106,1
DA:107,1
DA:108,1
DA:109,1
DA:110,10
DA:111,10
DA:112,10
DA:113,1
DA:114,1
DA:115,1
DA:116,1
DA:117,1
DA:118,1
DA:119,1
DA:120,1
DA:121,1
DA:122,1
DA:123,8
DA:124,8
DA:125,8
DA:126,1
DA:127,1
DA:128,1
DA:129,1
DA:130,1
DA:131,1
DA:132,1
DA:133,1
DA:134,1
DA:135,1
DA:136,1
DA:137,1
DA:138,1
DA:139,1
DA:140,11
DA:141,11
DA:142,11
DA:143,1
DA:144,1
DA:145,2
DA:146,2
DA:147,1
DA:148,1
DA:149,1
DA:150,1
DA:151,1
DA:152,1
DA:153,1
DA:154,1
DA:155,14
DA:156,14
DA:157,1
DA:158,1
DA:159,1
DA:160,6
DA:161,6
DA:162,6
DA:163,6
DA:164,6
DA:165,3
DA:166,3
DA:167,3
DA:168,3
DA:169,3
DA:170,3
DA:171,3
DA:172,3
DA:173,3
DA:174,3
DA:175,3
DA:176,3
DA:177,3
DA:178,3
DA:179,1
DA:180,1
DA:181,1
DA:182,3
DA:183,3
DA:184,3
DA:185,3
DA:186,3
DA:187,1
DA:188,3
DA:189,2
DA:190,2
DA:191,3
LF:191
LH:191
BRDA:21,0,0,61
BRDA:41,1,0,2
BRDA:45,2,0,1
BRDA:59,3,0,5
BRDA:65,4,0,12
BRDA:67,5,0,10
BRDA:67,6,0,2
BRDA:75,7,0,3
BRDA:81,8,0,3
BRDA:87,9,0,2
BRDA:97,10,0,2
BRDA:101,11,0,3
BRDA:109,12,0,10
BRDA:114,13,0,1
BRDA:122,14,0,8
BRDA:127,15,0,1
BRDA:139,16,0,11
BRDA:144,17,0,2
BRDA:154,18,0,14
BRDA:159,19,0,6
BRDA:164,20,0,3
BRDA:181,21,0,3
BRDA:186,22,0,1
BRDA:188,23,0,2
BRF:24
BRH:24
end_of_record
TN:
SF:lib/generation-service.ts
FN:28,buildVisibilityConditions
FN:52,buildTokenReplacements
FN:64,setRunStatus
FN:85,runGeneration
FNF:4
FNH:4
FNDA:13,buildVisibilityConditions
FNDA:13,buildTokenReplacements
FNDA:53,setRunStatus
FNDA:16,runGeneration
DA:1,1
DA:2,1
DA:3,1
DA:4,1
DA:5,1
DA:6,1
DA:7,1
DA:8,1
DA:9,1
DA:10,1
DA:11,1
DA:12,1
DA:13,1
DA:14,1
DA:15,1
DA:16,1
DA:17,1
DA:18,1
DA:19,1
DA:20,1
DA:21,1
DA:22,1
DA:23,1
DA:24,1
DA:25,1
DA:26,1
DA:27,1
DA:28,13
DA:29,13
DA:30,13
DA:31,13
DA:32,13
DA:33,13
DA:34,13
DA:35,2
DA:36,2
DA:37,2
DA:38,2
DA:39,1
DA:40,1
DA:41,1
DA:42,1
DA:43,1
DA:44,1
DA:45,2
DA:46,13
DA:47,13
DA:48,13
DA:49,1
DA:50,1
DA:51,1
DA:52,13
DA:53,13
DA:54,13
DA:55,13
DA:56,13
DA:57,26
DA:58,26
DA:59,26
DA:60,13
DA:61,1
DA:62,1
DA:63,1
DA:64,53
DA:65,53
DA:66,53
DA:67,53
DA:68,53
DA:69,53
DA:70,53
DA:71,53
DA:72,53
DA:73,53
DA:74,1
DA:75,1
DA:76,1
DA:77,1
DA:78,1
DA:79,1
DA:80,1
DA:81,1
DA:82,1
DA:83,1
DA:84,1
DA:85,1
DA:86,16
DA:87,16
DA:88,16
DA:89,16
DA:90,16
DA:91,16
DA:92,16
DA:93,16
DA:94,16
DA:95,16
DA:96,16
DA:97,16
DA:98,16
DA:99,16
DA:100,14
DA:101,14
DA:102,14
DA:103,14
DA:104,14
DA:105,14
DA:106,14
DA:107,14
DA:108,14
DA:109,14
DA:110,14
DA:111,14
DA:112,16
DA:113,2
DA:114,2
DA:115,2
DA:116,2
DA:117,2
DA:118,14
DA:119,14
DA:120,14
DA:121,14
DA:122,14
DA:123,14
DA:124,14
DA:125,14
DA:126,14
DA:127,14
DA:128,14
DA:129,14
DA:130,16
DA:131,1
DA:132,1
DA:133,13
DA:134,13
DA:135,13
DA:136,16
DA:137,26
DA:138,26
DA:139,26
DA:140,13
DA:141,13
DA:142,13
DA:143,13
DA:144,26
DA:145,26
DA:146,26
DA:147,26
DA:148,26
DA:149,26
DA:150,26
DA:151,26
DA:152,13
DA:153,13
DA:154,13
DA:155,13
DA:156,13
DA:157,13
DA:158,13
DA:159,13
DA:160,13
DA:161,13
DA:162,13
DA:163,13
DA:164,13
DA:165,13
DA:166,13
DA:167,13
DA:168,13
DA:169,13
DA:170,13
DA:171,10
DA:172,10
DA:173,10
DA:174,10
DA:175,10
DA:176,10
DA:177,10
DA:178,10
DA:179,10
DA:180,10
DA:181,10
DA:182,10
DA:183,10
DA:184,16
DA:185,16
DA:186,16
DA:187,16
DA:188,16
DA:189,16
DA:190,16
DA:191,16
DA:192,16
DA:193,16
DA:194,16
DA:195,16
DA:196,16
DA:197,16
DA:198,10
DA:199,10
DA:200,16
DA:201,6
DA:202,6
DA:203,6
DA:204,6
DA:205,6
DA:206,6
DA:207,6
DA:208,6
DA:209,6
DA:210,6
DA:211,6
DA:212,6
DA:213,6
DA:214,6
DA:215,6
DA:216,6
DA:217,6
DA:218,6
DA:219,6
DA:220,6
DA:221,6
DA:222,6
DA:223,6
DA:224,6
DA:225,6
DA:226,6
DA:227,6
DA:228,6
DA:229,16
LF:229
LH:229
BRDA:28,0,0,13
BRDA:34,1,0,2
BRDA:35,2,0,1
BRDA:36,3,0,0
BRDA:38,4,0,1
BRDA:52,5,0,13
BRDA:56,6,0,26
BRDA:58,7,0,0
BRDA:58,8,0,0
BRDA:64,9,0,53
BRDA:85,10,0,16
BRDA:99,11,0,14
BRDA:112,12,0,2
BRDA:114,13,0,0
BRDA:117,14,0,14
BRDA:130,15,0,1
BRDA:132,16,0,13
BRDA:136,17,0,26
BRDA:139,18,0,13
BRDA:170,19,0,10
BRDA:184,20,0,9
BRDA:197,21,0,10
BRDA:200,22,0,6
BRDA:201,23,0,0
BRDA:210,24,0,0
BRDA:143,25,0,26
BRDA:148,26,0,0
BRDA:149,27,0,0
BRF:28
BRH:20
end_of_record
TN:
SF:lib/ids.ts
FN:10,generateId
FN:15,generateCorrelationId
FN:20,generateRunId
FN:25,generateSessionToken
FN:30,shortId
FNF:5
FNH:5
FNDA:135,generateId
FNDA:75,generateCorrelationId
FNDA:7,generateRunId
FNDA:2,generateSessionToken
FNDA:5,shortId
DA:1,1
DA:2,1
DA:3,1
DA:4,1
DA:5,1
DA:6,1
DA:7,1
DA:8,1
DA:9,1
DA:10,1
DA:11,135
DA:12,135
DA:13,1
DA:14,1
DA:15,1
DA:16,75
DA:17,75
DA:18,1
DA:19,1
DA:20,1
DA:21,7
DA:22,7
DA:23,1
DA:24,1
DA:25,1
DA:26,2
DA:27,2
DA:28,1
DA:29,1
DA:30,1
DA:31,5
DA:32,5
DA:33,5
DA:34,5
LF:34
LH:34
BRDA:10,0,0,135
BRDA:15,1,0,75
BRDA:20,2,0,7
BRDA:25,3,0,2
BRDA:30,4,0,5
BRDA:32,5,0,2
BRDA:32,6,0,3
BRF:7
BRH:7
end_of_record
TN:
SF:lib/logger.ts
FN:70,createLogger
FN:77,createRequestLogger
FNF:2
FNH:2
FNDA:2,createLogger
FNDA:2,createRequestLogger
DA:1,1
DA:2,1
DA:3,1
DA:4,1
DA:5,1
DA:6,1
DA:7,1
DA:8,1
DA:9,1
DA:10,1
DA:11,1
DA:12,1
DA:13,1
DA:14,1
DA:15,1
DA:16,1
DA:17,1
DA:18,1
DA:19,1
DA:20,1
DA:21,1
DA:22,1
DA:23,1
DA:24,1
DA:25,1
DA:26,1
DA:27,1
DA:28,1
DA:29,1
DA:30,1
DA:31,1
DA:32,1
DA:33,1
DA:34,1
DA:35,1
DA:36,1
DA:37,1
DA:38,1
DA:39,1
DA:40,1
DA:41,1
DA:42,0
DA:43,0
DA:44,0
DA:45,0
DA:46,0
DA:47,0
DA:48,0
DA:49,0
DA:50,1
DA:51,1
DA:52,1
DA:53,1
DA:54,1
DA:55,1
DA:56,1
DA:57,1
DA:58,1
DA:59,1
DA:60,1
DA:61,1
DA:62,1
DA:63,1
DA:64,1
DA:65,1
DA:66,1
DA:67,1
DA:68,1
DA:69,1
DA:70,1
DA:71,2
DA:72,2
DA:73,1
DA:74,1
DA:75,1
DA:76,1
DA:77,1
DA:78,2
DA:79,2
LF:79
LH:71
BRDA:19,0,0,0
BRDA:41,1,0,0
BRDA:63,2,0,0
BRDA:70,3,0,2
BRDA:77,4,0,2
BRF:5
BRH:2
end_of_record
TN:
SF:lib/rate-limit.ts
FN:30,rateLimit
FN:57,rateLimitKey
FN:67,purgeExpiredWindows
FNF:3
FNH:3
FNDA:18,rateLimit
FNDA:4,rateLimitKey
FNDA:1,purgeExpiredWindows
DA:1,1
DA:2,1
DA:3,1
DA:4,1
DA:5,1
DA:6,1
DA:7,1
DA:8,1
DA:9,1
DA:10,1
DA:11,1
DA:12,1
DA:13,1
DA:14,1
DA:15,1
DA:16,1
DA:17,1
DA:18,1
DA:19,1
DA:20,1
DA:21,1
DA:22,1
DA:23,1
DA:24,1
DA:25,1
DA:26,1
DA:27,1
DA:28,1
DA:29,1
DA:30,1
DA:31,18
DA:32,18
DA:33,18
DA:34,18
DA:35,18
DA:36,18
DA:37,18
DA:38,8
DA:39,8
DA:40,8
DA:41,8
DA:42,10
DA:43,10
DA:44,10
DA:45,10
DA:46,10
DA:47,10
DA:48,10
DA:49,10
DA:50,10
DA:51,1
DA:52,1
DA:53,1
DA:54,1
DA:55,1
DA:56,1
DA:57,1
DA:58,4
DA:59,4
DA:60,4
DA:61,4
DA:62,1
DA:63,1
DA:64,1
DA:65,1
DA:66,1
DA:67,1
DA:68,1
DA:69,1
DA:70,7
DA:71,7
DA:72,1
LF:72
LH:72
BRDA:30,0,0,18
BRDA:37,1,0,11
BRDA:37,2,0,8
BRDA:41,3,0,10
BRDA:57,4,0,4
BRDA:59,5,0,3
BRDA:59,6,0,1
BRDA:67,7,0,1
BRDA:69,8,0,7
BRDA:70,9,0,1
BRF:10
BRH:10
end_of_record
TN:
SF:lib/session.ts
FN:36,getSessionOptions
FN:69,getSession
FN:79,getCurrentUser
FN:96,requireSession
FN:106,requireRole
FNF:5
FNH:5
FNDA:16,getSessionOptions
FNDA:16,getSession
FNDA:11,getCurrentUser
FNDA:7,requireSession
FNDA:5,requireRole
DA:1,1
DA:2,1
DA:3,1
DA:4,1
DA:5,1
DA:6,1
DA:7,1
DA:8,1
DA:9,1
DA:10,1
DA:11,1
DA:12,1
DA:13,1
DA:14,1
DA:15,1
DA:16,1
DA:17,1
DA:18,1
DA:19,1
DA:20,1
DA:21,1
DA:22,1
DA:23,1
DA:24,1
DA:25,1
DA:26,1
DA:27,1
DA:28,1
DA:29,1
DA:30,1
DA:31,1
DA:32,1
DA:33,1
DA:34,1
DA:35,1
DA:36,16
DA:37,16
DA:38,16
DA:39,2
DA:40,2
DA:41,2
DA:42,2
DA:43,14
DA:44,14
DA:45,16
DA:46,16
DA:47,16
DA:48,16
DA:49,16
DA:50,16
DA:51,16
DA:52,16
DA:53,16
DA:54,16
DA:55,16
DA:56,16
DA:57,16
DA:58,16
DA:59,16
DA:60,16
DA:61,16
DA:62,16
DA:63,1
DA:64,1
DA:65,1
DA:66,1
DA:67,1
DA:68,1
DA:69,1
DA:70,16
DA:71,16
DA:72,16
DA:73,16
DA:74,14
DA:75,14
DA:76,14
DA:77,1
DA:78,1
DA:79,1
DA:80,11
DA:81,11
DA:82,4
DA:83,4
DA:84,7
DA:85,7
DA:86,7
DA:87,7
DA:88,7
DA:89,7
DA:90,7
DA:91,7
DA:92,7
DA:93,7
DA:94,1
DA:95,1
DA:96,1
DA:97,7
DA:98,7
DA:99,2
DA:100,2
DA:101,2
DA:102,5
DA:103,5
DA:104,1
DA:105,1
DA:106,1
DA:107,5
DA:108,4
DA:109,4
DA:110,4
DA:111,4
DA:112,4
DA:113,4
DA:114,5
DA:115,2
DA:116,2
DA:117,2
DA:118,2
DA:119,2
DA:120,2
DA:121,2
DA:122,2
LF:122
LH:122
BRDA:36,0,0,16
BRDA:38,1,0,15
BRDA:38,2,0,2
BRDA:42,3,0,14
BRDA:45,4,0,13
BRDA:47,5,0,13
BRDA:69,6,0,16
BRDA:73,7,0,14
BRDA:79,8,0,11
BRDA:81,9,0,8
BRDA:81,10,0,4
BRDA:83,11,0,7
BRDA:96,12,0,7
BRDA:98,13,0,2
BRDA:101,14,0,5
BRDA:99,15,0,2
BRDA:106,16,0,5
BRDA:107,17,0,4
BRDA:114,18,0,2
BRDA:115,19,0,2
BRF:20
BRH:20
end_of_record
TN:
SF:lib/slide-scanner.ts
FN:42,inferFieldType
FN:52,tokenNameToFieldName
FN:60,scanSlideTokens
FN:72,realScan
FN:120,stubScan
FN:127,parseTokensFromText
FNF:6
FNH:6
FNDA:33,inferFieldType
FNDA:33,tokenNameToFieldName
FNDA:8,scanSlideTokens
FNDA:7,realScan
FNDA:2,stubScan
FNDA:23,parseTokensFromText
DA:1,1
DA:2,1
DA:3,1
DA:4,1
DA:5,1
DA:6,1
DA:7,1
DA:8,1
DA:9,1
DA:10,1
DA:11,1
DA:12,1
DA:13,1
DA:14,1
DA:15,1
DA:16,1
DA:17,1
DA:18,1
DA:19,1
DA:20,1
DA:21,1
DA:22,1
DA:23,1
DA:24,1
DA:25,1
DA:26,1
DA:27,1
DA:28,1
DA:29,1
DA:30,1
DA:31,1
DA:32,1
DA:33,1
DA:34,1
DA:35,1
DA:36,1
DA:37,1
DA:38,1
DA:39,1
DA:40,1
DA:41,1
DA:42,33
DA:43,33
DA:44,33
DA:45,33
DA:46,33
DA:47,33
DA:48,33
DA:49,11
DA:50,11
DA:51,1
DA:52,33
DA:53,33
DA:54,33
DA:55,1
DA:56,1
DA:57,1
DA:58,1
DA:59,1
DA:60,1
DA:61,8
DA:62,8
DA:63,8
DA:64,1
DA:65,1
DA:66,7
DA:67,8
DA:68,1
DA:69,1
DA:70,8
DA:71,1
DA:72,7
DA:73,7
DA:74,7
DA:75,7
DA:76,7
DA:77,7
DA:78,7
DA:79,7
DA:80,6
DA:81,6
DA:82,6
DA:83,6
DA:84,6
DA:85,7
DA:86,7
DA:87,7
DA:88,7
DA:89,7
DA:90,7
DA:91,7
DA:92,7
DA:93,7
DA:94,7
DA:95,7
DA:96,12
DA:97,12
DA:98,12
DA:99,1
DA:100,12
DA:101,11
DA:102,11
DA:103,11
DA:104,11
DA:105,11
DA:106,11
DA:107,11
DA:108,11
DA:109,12
DA:110,7
DA:111,7
DA:112,6
DA:113,6
DA:114,6
DA:115,6
DA:116,6
DA:117,6
DA:118,6
DA:119,1
DA:120,2
DA:121,2
DA:122,2
DA:123,1
DA:124,1
DA:125,1
DA:126,1
DA:127,1
DA:128,23
DA:129,23
DA:130,23
DA:131,23
DA:132,23
DA:133,23
DA:134,23
DA:135,23
DA:136,22
DA:137,22
DA:138,22
DA:139,22
DA:140,22
DA:141,22
DA:142,22
DA:143,22
DA:144,23
DA:145,23
DA:146,23
LF:146
LH:146
BRDA:42,0,0,33
BRDA:44,1,0,4
BRDA:44,2,0,29
BRDA:45,3,0,8
BRDA:45,4,0,21
BRDA:46,5,0,4
BRDA:46,6,0,17
BRDA:47,7,0,4
BRDA:47,8,0,13
BRDA:48,9,0,2
BRDA:48,10,0,11
BRDA:52,11,0,33
BRDA:60,12,0,8
BRDA:62,13,0,1
BRDA:63,14,0,1
BRDA:65,15,0,7
BRDA:67,16,0,1
BRDA:72,17,0,7
BRDA:79,18,0,6
BRDA:85,19,0,0
BRDA:87,20,0,0
BRDA:88,21,0,0
BRDA:95,22,0,12
BRDA:98,23,0,1
BRDA:100,24,0,11
BRDA:111,25,0,6
BRDA:73,26,0,7
BRDA:90,27,0,7
BRDA:90,28,0,0
BRDA:120,29,0,2
BRDA:127,30,0,23
BRDA:135,31,0,22
BRF:32
BRH:28
end_of_record
TN:
SF:providers/data/databricks.ts
FN:47,DatabricksProvider
FN:51,getProviderMetadata
FN:55,getToken
FN:66,baseUrl
FN:70,executeStatement
FN:100,rowsToRecords
FN:108,validateConnection
FN:128,getCompanyPreview
FNF:8
FNH:8
FNDA:22,DatabricksProvider
FNDA:1,getProviderMetadata
FNDA:18,getToken
FNDA:16,baseUrl
FNDA:18,executeStatement
FNDA:9,rowsToRecords
FNDA:6,validateConnection
FNDA:12,getCompanyPreview
DA:1,1
DA:2,1
DA:3,1
DA:4,1
DA:5,1
DA:6,1
DA:7,1
DA:8,1
DA:9,1
DA:10,1
DA:11,1
DA:12,1
DA:13,1
DA:14,1
DA:15,1
DA:16,1
DA:17,1
DA:18,1
DA:19,1
DA:20,1
DA:21,1
DA:22,1
DA:23,1
DA:24,1
DA:25,1
DA:26,1
DA:27,1
DA:28,1
DA:29,1
DA:30,1
DA:31,1
DA:32,1
DA:33,1
DA:34,1
DA:35,1
DA:36,1
DA:37,1
DA:38,1
DA:39,1
DA:40,1
DA:41,1
DA:42,1
DA:43,1
DA:44,1
DA:45,1
DA:46,1
DA:47,1
DA:48,22
DA:49,22
DA:50,1
DA:51,1
DA:52,1
DA:53,1
DA:54,1
DA:55,1
DA:56,18
DA:57,18
DA:58,2
DA:59,2
DA:60,2
DA:61,2
DA:62,2
DA:63,16
DA:64,16
DA:65,1
DA:66,1
DA:67,16
DA:68,16
DA:69,1
DA:70,1
DA:71,18
DA:72,18
DA:73,18
DA:74,18
DA:75,18
DA:76,18
DA:77,18
DA:78,18
DA:79,18
DA:80,18
DA:81,18
DA:82,18
DA:83,18
DA:84,18
DA:85,18
DA:86,18
DA:87,18
DA:88,18
DA:89,18
DA:90,18
DA:91,16
DA:92,18
DA:93,2
DA:94,2
DA:95,2
DA:96,14
DA:97,14
DA:98,14
DA:99,1
DA:100,1
DA:101,9
DA:102,9
DA:103,9
DA:104,8
DA:105,9
DA:106,9
DA:107,1
DA:108,1
DA:109,6
DA:110,6
DA:111,6
DA:112,6
DA:113,4
DA:114,4
DA:115,4
DA:116,4
DA:117,6
DA:118,6
DA:119,6
DA:120,2
DA:121,2
DA:122,2
DA:123,2
DA:124,2
DA:125,2
DA:126,6
DA:127,1
DA:128,1
DA:129,12
DA:130,12
DA:131,12
DA:132,12
DA:133,12
DA:134,12
DA:135,12
DA:136,12
DA:137,12
DA:138,12
DA:139,12
DA:140,1
DA:141,11
DA:142,12
DA:143,12
DA:144,12
DA:145,12
DA:146,12
DA:147,12
DA:148,12
DA:149,10
DA:150,10
DA:151,12
DA:152,1
DA:153,1
DA:154,1
DA:155,1
DA:156,1
DA:157,9
DA:158,9
DA:159,12
DA:160,1
DA:161,1
DA:162,8
DA:163,8
DA:164,8
DA:165,8
DA:166,8
DA:167,8
DA:168,8
DA:169,8
DA:170,8
DA:171,8
DA:172,8
DA:173,8
DA:174,8
DA:175,12
DA:176,4
DA:177,4
DA:178,4
DA:179,12
DA:180,1
LF:180
LH:180
BRDA:47,0,0,22
BRDA:51,1,0,1
BRDA:55,2,0,18
BRDA:57,3,0,2
BRDA:62,4,0,16
BRDA:66,5,0,16
BRDA:70,6,0,18
BRDA:90,7,0,16
BRDA:92,8,0,2
BRDA:95,9,0,14
BRDA:100,10,0,9
BRDA:101,11,0,0
BRDA:102,12,0,23
BRDA:103,13,0,8
BRDA:104,14,0,23
BRDA:104,15,0,1
BRDA:108,16,0,6
BRDA:112,17,0,4
BRDA:117,18,0,3
BRDA:117,19,0,1
BRDA:117,20,0,0
BRDA:119,21,0,2
BRDA:123,22,0,0
BRDA:128,23,0,12
BRDA:136,24,0,11
BRDA:137,25,0,11
BRDA:139,26,0,1
BRDA:139,27,0,1
BRDA:140,28,0,11
BRDA:148,29,0,1
BRDA:148,30,0,10
BRDA:151,31,0,1
BRDA:154,32,0,0
BRDA:156,33,0,9
BRDA:159,34,0,1
BRDA:161,35,0,8
BRDA:175,36,0,4
BRDA:176,37,0,0
BRDA:177,38,0,0
BRDA:140,39,0,2
BRF:40
BRH:34
end_of_record
TN:
SF:providers/data/index.ts
FN:21,getActiveDataProvider
FNF:1
FNH:1
FNDA:7,getActiveDataProvider
DA:1,1
DA:2,1
DA:3,1
DA:4,1
DA:5,1
DA:6,1
DA:7,1
DA:8,1
DA:9,1
DA:10,1
DA:11,1
DA:12,1
DA:13,1
DA:14,1
DA:15,1
DA:16,1
DA:17,1
DA:18,1
DA:19,1
DA:20,1
DA:21,1
DA:22,7
DA:23,7
DA:24,7
DA:25,7
DA:26,6
DA:27,7
DA:28,2
DA:29,2
DA:30,2
DA:31,4
DA:32,4
DA:33,7
DA:34,1
DA:35,7
DA:36,1
DA:37,7
DA:38,7
DA:39,2
DA:40,7
DA:41,7
DA:42,1
DA:43,1
DA:44,1
DA:45,7
LF:45
LH:45
BRDA:21,0,0,7
BRDA:25,1,0,6
BRDA:27,2,0,2
BRDA:30,3,0,4
BRDA:33,4,0,1
BRDA:35,5,0,1
BRDA:37,6,0,1
BRDA:38,7,0,2
BRDA:41,8,0,1
BRF:9
BRH:9
end_of_record
TN:
SF:providers/data/mock.ts
FN:44,getProviderMetadata
FN:48,validateConnection
FN:52,getCompanyPreview
FNF:3
FNH:3
FNDA:1,getProviderMetadata
FNDA:1,validateConnection
FNDA:11,getCompanyPreview
DA:1,1
DA:2,1
DA:3,1
DA:4,1
DA:5,1
DA:6,1
DA:7,1
DA:8,1
DA:9,1
DA:10,1
DA:11,1
DA:12,1
DA:13,1
DA:14,1
DA:15,1
DA:16,1
DA:17,1
DA:18,1
DA:19,1
DA:20,1
DA:21,1
DA:22,1
DA:23,1
DA:24,1
DA:25,1
DA:26,1
DA:27,1
DA:28,1
DA:29,1
DA:30,1
DA:31,1
DA:32,1
DA:33,1
DA:34,1
DA:35,1
DA:36,1
DA:37,1
DA:38,1
DA:39,1
DA:40,1
DA:41,1
DA:42,1
DA:43,1
DA:44,1
DA:45,1
DA:46,1
DA:47,1
DA:48,1
DA:49,1
DA:50,1
DA:51,1
DA:52,1
DA:53,11
DA:54,11
DA:55,11
DA:56,11
DA:57,11
DA:58,11
DA:59,11
DA:60,11
DA:61,11
DA:62,3
DA:63,3
DA:64,3
DA:65,3
DA:66,3
DA:67,3
DA:68,3
DA:69,3
DA:70,3
DA:71,3
DA:72,8
DA:73,8
DA:74,8
DA:75,8
DA:76,8
DA:77,8
DA:78,8
DA:79,8
DA:80,8
DA:81,1
LF:81
LH:81
BRDA:44,0,0,1
BRDA:48,1,0,1
BRDA:52,2,0,11
BRDA:61,3,0,3
BRDA:61,4,0,3
BRDA:63,5,0,6
BRDA:63,6,0,1
BRDA:71,7,0,8
BRF:8
BRH:8
end_of_record
TN:
SF:providers/data/rest.ts
FN:32,RestApiProvider
FN:36,getProviderMetadata
FN:40,validateConnection
FN:64,getCompanyPreview
FNF:4
FNH:4
FNDA:14,RestApiProvider
FNDA:1,getProviderMetadata
FNDA:3,validateConnection
FNDA:8,getCompanyPreview
DA:1,1
DA:2,1
DA:3,1
DA:4,1
DA:5,1
DA:6,1
DA:7,1
DA:8,1
DA:9,1
DA:10,1
DA:11,1
DA:12,1
DA:13,1
DA:14,1
DA:15,1
DA:16,1
DA:17,1
DA:18,1
DA:19,1
DA:20,1
DA:21,1
DA:22,1
DA:23,1
DA:24,1
DA:25,1
DA:26,1
DA:27,1
DA:28,1
DA:29,1
DA:30,1
DA:31,1
DA:32,1
DA:33,14
DA:34,14
DA:35,1
DA:36,1
DA:37,1
DA:38,1
DA:39,1
DA:40,1
DA:41,3
DA:42,3
DA:43,3
DA:44,3
DA:45,3
DA:46,3
DA:47,3
DA:48,3
DA:49,2
DA:50,2
DA:51,2
DA:52,2
DA:53,3
DA:54,3
DA:55,3
DA:56,1
DA:57,1
DA:58,1
DA:59,1
DA:60,1
DA:61,1
DA:62,3
DA:63,1
DA:64,1
DA:65,8
DA:66,8
DA:67,8
DA:68,8
DA:69,8
DA:70,8
DA:71,8
DA:72,8
DA:73,8
DA:74,8
DA:75,8
DA:76,8
DA:77,8
DA:78,8
DA:79,8
DA:80,8
DA:81,7
DA:82,7
DA:83,8
DA:84,1
DA:85,1
DA:86,1
DA:87,8
DA:88,8
DA:89,8
DA:90,8
DA:91,8
DA:92,8
DA:93,8
DA:94,8
DA:95,7
DA:96,7
DA:97,8
DA:98,1
DA:99,1
DA:100,6
DA:101,6
DA:102,6
DA:103,6
DA:104,6
DA:105,6
DA:106,6
DA:107,8
DA:108,1
DA:109,5
DA:110,8
DA:111,8
DA:112,8
DA:113,8
DA:114,8
DA:115,8
DA:116,8
DA:117,2
DA:118,2
DA:119,2
DA:120,8
DA:121,1
LF:121
LH:121
BRDA:32,0,0,14
BRDA:36,1,0,1
BRDA:40,2,0,3
BRDA:44,3,0,0
BRDA:48,4,0,2
BRDA:53,5,0,1
BRDA:53,6,0,1
BRDA:55,7,0,1
BRDA:59,8,0,0
BRDA:64,9,0,8
BRDA:73,10,0,0
BRDA:80,11,0,7
BRDA:80,12,0,7
BRDA:83,13,0,1
BRDA:91,14,0,1
BRDA:91,15,0,0
BRDA:94,16,0,7
BRDA:97,17,0,1
BRDA:99,18,0,6
BRDA:107,19,0,1
BRDA:107,20,0,1
BRDA:108,21,0,5
BRDA:116,22,0,2
BRDA:117,23,0,1
BRDA:118,24,0,0
BRDA:108,25,0,2
BRDA:108,26,0,0
BRF:27
BRH:21
end_of_record
TN:
SF:providers/llm/index.ts
FN:14,getActiveLlmProvider
FNF:1
FNH:1
FNDA:6,getActiveLlmProvider
DA:1,1
DA:2,1
DA:3,1
DA:4,1
DA:5,1
DA:6,1
DA:7,1
DA:8,1
DA:9,1
DA:10,1
DA:11,1
DA:12,1
DA:13,1
DA:14,1
DA:15,6
DA:16,6
DA:17,6
DA:18,6
DA:19,5
DA:20,6
DA:21,2
DA:22,2
DA:23,2
DA:24,3
DA:25,3
DA:26,6
DA:27,1
DA:28,6
DA:29,6
DA:30,2
DA:31,6
DA:32,6
DA:33,1
DA:34,1
DA:35,1
DA:36,6
LF:36
LH:36
BRDA:14,0,0,6
BRDA:18,1,0,5
BRDA:20,2,0,2
BRDA:23,3,0,3
BRDA:26,4,0,1
BRDA:28,5,0,1
BRDA:29,6,0,2
BRDA:32,7,0,1
BRF:8
BRH:8
end_of_record
TN:
SF:providers/llm/openai.ts
FN:28,OpenAiProvider
FN:44,getApiKey
FN:55,validateProviderConnection
FN:76,chat
FN:98,classifyField
FN:139,generateNarrative
FN:171,evaluateJudgment
FNF:7
FNH:7
FNDA:20,OpenAiProvider
FNDA:15,getApiKey
FNDA:5,validateProviderConnection
FNDA:10,chat
FNDA:4,classifyField
FNDA:3,generateNarrative
FNDA:3,evaluateJudgment
DA:1,1
DA:2,1
DA:3,1
DA:4,1
DA:5,1
DA:6,1
DA:7,1
DA:8,1
DA:9,1
DA:10,1
DA:11,1
DA:12,1
DA:13,1
DA:14,1
DA:15,1
DA:16,1
DA:17,1
DA:18,1
DA:19,1
DA:20,1
DA:21,1
DA:22,1
DA:23,1
DA:24,1
DA:25,1
DA:26,1
DA:27,1
DA:28,1
DA:29,20
DA:30,20
DA:31,20
DA:32,20
DA:33,20
DA:34,20
DA:35,20
DA:36,20
DA:37,20
DA:38,20
DA:39,20
DA:40,20
DA:41,20
DA:42,20
DA:43,1
DA:44,1
DA:45,15
DA:46,15
DA:47,4
DA:48,4
DA:49,4
DA:50,4
DA:51,4
DA:52,11
DA:53,11
DA:54,1
DA:55,1
DA:56,5
DA:57,5
DA:58,5
DA:59,5
DA:60,5
DA:61,5
DA:62,3
DA:63,3
DA:64,3
DA:65,5
DA:66,5
DA:67,5
DA:68,2
DA:69,2
DA:70,2
DA:71,2
DA:72,2
DA:73,2
DA:74,5
DA:75,1
DA:76,1
DA:77,10
DA:78,10
DA:79,10
DA:80,10
DA:81,10
DA:82,10
DA:83,10
DA:84,10
DA:85,10
DA:86,10
DA:87,10
DA:88,10
DA:89,10
DA:90,10
DA:91,10
DA:92,7
DA:93,10
DA:94,10
DA:95,10
DA:96,10
DA:97,1
DA:98,1
DA:99,4
DA:100,4
DA:101,4
DA:102,4
DA:103,4
DA:104,4
DA:105,4
DA:106,4
DA:107,4
DA:108,4
DA:109,4
DA:110,4
DA:111,4
DA:112,4
DA:113,4
DA:114,4
DA:115,4
DA:116,4
DA:117,4
DA:118,4
DA:119,1
DA:120,4
DA:121,4
DA:122,4
DA:123,4
DA:124,3
DA:125,3
DA:126,3
DA:127,3
DA:128,4
DA:129,4
DA:130,4
DA:131,4
DA:132,4
DA:133,4
DA:134,4
DA:135,1
DA:136,1
DA:137,4
DA:138,1
DA:139,1
DA:140,3
DA:141,3
DA:142,3
DA:143,3
DA:144,3
DA:145,3
DA:146,3
DA:147,3
DA:148,3
DA:149,3
DA:150,3
DA:151,3
DA:152,3
DA:153,3
DA:154,3
DA:155,3
DA:156,3
DA:157,3
DA:158,3
DA:159,2
DA:160,2
DA:161,2
DA:162,3
DA:163,3
DA:164,3
DA:165,3
DA:166,3
DA:167,1
DA:168,1
DA:169,3
DA:170,1
DA:171,1
DA:172,3
DA:173,3
DA:174,3
DA:175,3
DA:176,3
DA:177,3
DA:178,3
DA:179,3
DA:180,3
DA:181,3
DA:182,3
DA:183,3
DA:184,3
DA:185,3
DA:186,3
DA:187,3
DA:188,3
DA:189,3
DA:190,3
DA:191,3
DA:192,3
DA:193,3
DA:194,3
DA:195,3
DA:196,2
DA:197,2
DA:198,2
DA:199,2
DA:200,3
DA:201,3
DA:202,3
DA:203,3
DA:204,3
DA:205,3
DA:206,1
DA:207,1
DA:208,3
DA:209,1
LF:209
LH:209
BRDA:28,0,0,20
BRDA:34,1,0,1
BRDA:44,2,0,15
BRDA:46,3,0,4
BRDA:51,4,0,11
BRDA:55,5,0,5
BRDA:61,6,0,3
BRDA:65,7,0,2
BRDA:65,8,0,1
BRDA:67,9,0,2
BRDA:71,10,0,0
BRDA:76,11,0,10
BRDA:83,12,0,0
BRDA:83,13,0,7
BRDA:84,14,0,2
BRDA:84,15,0,5
BRDA:84,16,0,5
BRDA:88,17,0,0
BRDA:91,18,0,7
BRDA:93,19,0,0
BRDA:94,20,0,7
BRDA:94,21,0,0
BRDA:80,22,0,10
BRDA:98,23,0,4
BRDA:116,24,0,1
BRDA:116,25,0,1
BRDA:116,26,0,3
BRDA:117,27,0,1
BRDA:117,28,0,1
BRDA:117,29,0,3
BRDA:118,30,0,1
BRDA:118,31,0,1
BRDA:120,32,0,3
BRDA:123,33,0,3
BRDA:128,34,0,1
BRDA:129,35,0,1
BRDA:130,36,0,2
BRDA:131,37,0,1
BRDA:132,38,0,2
BRDA:134,39,0,1
BRDA:135,40,0,0
BRDA:139,41,0,3
BRDA:148,42,0,0
BRDA:149,43,0,0
BRDA:149,44,0,0
BRDA:158,45,0,0
BRDA:158,46,0,2
BRDA:162,47,0,1
BRDA:164,48,0,0
BRDA:166,49,0,1
BRDA:167,50,0,0
BRDA:171,51,0,3
BRDA:179,52,0,0
BRDA:193,53,0,0
BRDA:193,54,0,0
BRDA:195,55,0,2
BRDA:200,56,0,1
BRDA:201,57,0,1
BRDA:202,58,0,1
BRDA:203,59,0,1
BRDA:205,60,0,1
BRDA:206,61,0,0
BRDA:192,62,0,1
BRF:63
BRH:47
end_of_record
TN:
SF:providers/llm/stub.ts
FN:29,validateProviderConnection
FN:33,classifyField
FN:53,generateNarrative
FN:65,evaluateJudgment
FNF:4
FNH:4
FNDA:1,validateProviderConnection
FNDA:7,classifyField
FNDA:4,generateNarrative
FNDA:6,evaluateJudgment
DA:1,1
DA:2,1
DA:3,1
DA:4,1
DA:5,1
DA:6,1
DA:7,1
DA:8,1
DA:9,1
DA:10,1
DA:11,1
DA:12,1
DA:13,1
DA:14,1
DA:15,1
DA:16,1
DA:17,1
DA:18,1
DA:19,1
DA:20,1
DA:21,1
DA:22,1
DA:23,1
DA:24,1
DA:25,1
DA:26,1
DA:27,1
DA:28,1
DA:29,1
DA:30,1
DA:31,1
DA:32,1
DA:33,1
DA:34,7
DA:35,7
DA:36,7
DA:37,7
DA:38,7
DA:39,7
DA:40,34
DA:41,7
DA:42,7
DA:43,7
DA:44,7
DA:45,7
DA:46,7
DA:47,7
DA:48,7
DA:49,7
DA:50,7
DA:51,7
DA:52,1
DA:53,1
DA:54,4
DA:55,4
DA:56,4
DA:57,4
DA:58,4
DA:59,4
DA:60,4
DA:61,4
DA:62,4
DA:63,4
DA:64,1
DA:65,1
DA:66,6
DA:67,6
DA:68,6
DA:69,6
DA:70,6
DA:71,6
DA:72,6
DA:73,6
DA:74,6
DA:75,6
DA:76,6
DA:77,6
DA:78,6
DA:79,6
DA:80,1
LF:80
LH:80
BRDA:29,0,0,1
BRDA:33,1,0,7
BRDA:45,2,0,2
BRDA:45,3,0,5
BRDA:45,4,0,2
BRDA:45,5,0,3
BRDA:49,6,0,2
BRDA:49,7,0,5
BRDA:38,8,0,28
BRDA:39,9,0,34
BRDA:53,10,0,4
BRDA:65,11,0,6
BRDA:71,12,0,5
BRDA:71,13,0,1
BRDA:75,14,0,2
BRDA:75,15,0,4
BRDA:75,16,0,2
BRDA:75,17,0,2
BRF:18
BRH:18
end_of_record
TN:
SF:providers/slides/google.ts
FN:40,getAuth
FN:63,generateDeckFromTemplate
FN:144,validateGoogleConnection
FNF:3
FNH:3
FNDA:16,getAuth
FNDA:13,generateDeckFromTemplate
FNDA:3,validateGoogleConnection
DA:1,1
DA:2,1
DA:3,1
DA:4,1
DA:5,1
DA:6,1
DA:7,1
DA:8,1
DA:9,1
DA:10,1
DA:11,1
DA:12,1
DA:13,1
DA:14,1
DA:15,1
DA:16,1
DA:17,1
DA:18,1
DA:19,1
DA:20,1
DA:21,1
DA:22,1
DA:23,1
DA:24,1
DA:25,1
DA:26,1
DA:27,1
DA:28,1
DA:29,1
DA:30,1
DA:31,1
DA:32,1
DA:33,1
DA:34,1
DA:35,1
DA:36,1
DA:37,1
DA:38,1
DA:39,1
DA:40,16
DA:41,16
DA:42,16
DA:43,16
DA:44,16
DA:45,15
DA:46,15
DA:47,15
DA:48,15
DA:49,15
DA:50,15
DA:51,15
DA:52,15
DA:53,15
DA:54,1
DA:55,1
DA:56,1
DA:57,1
DA:58,1
DA:59,1
DA:60,1
DA:61,1
DA:62,1
DA:63,1
DA:64,13
DA:65,13
DA:66,13
DA:67,13
DA:68,13
DA:69,13
DA:70,13
DA:71,13
DA:72,13
DA:73,13
DA:74,13
DA:75,13
DA:76,13
DA:77,13
DA:78,13
DA:79,13
DA:80,13
DA:81,13
DA:82,13
DA:83,13
DA:84,12
DA:85,12
DA:86,12
DA:87,12
DA:88,12
DA:89,22
DA:90,22
DA:91,22
DA:92,22
DA:93,22
DA:94,12
DA:95,12
DA:96,12
DA:97,12
DA:98,13
DA:99,5
DA:100,5
DA:101,5
DA:102,5
DA:103,5
DA:104,5
DA:105,4
DA:106,5
DA:107,3
DA:108,3
DA:109,3
DA:110,2
DA:111,2
DA:112,2
DA:113,2
DA:114,5
DA:115,1
DA:116,1
DA:117,1
DA:118,1
DA:119,5
DA:120,5
DA:121,12
DA:122,12
DA:123,12
DA:124,13
DA:125,11
DA:126,11
DA:127,11
DA:128,11
DA:129,11
DA:130,12
DA:131,12
DA:132,12
DA:133,12
DA:134,12
DA:135,12
DA:136,12
DA:137,12
DA:138,12
DA:139,12
DA:140,1
DA:141,1
DA:142,1
DA:143,1
DA:144,1
DA:145,3
DA:146,3
DA:147,3
DA:148,3
DA:149,3
DA:150,3
DA:151,3
DA:152,3
DA:153,3
DA:154,3
DA:155,1
DA:156,3
DA:157,2
DA:158,2
DA:159,2
DA:160,2
DA:161,2
DA:162,2
DA:163,3
LF:163
LH:163
BRDA:40,0,0,16
BRDA:44,1,0,15
BRDA:53,2,0,1
BRDA:41,3,0,16
BRDA:63,4,0,13
BRDA:78,5,0,1
BRDA:78,6,0,12
BRDA:83,7,0,1
BRDA:83,8,0,12
BRDA:98,9,0,5
BRDA:98,10,0,5
BRDA:101,11,0,0
BRDA:104,12,0,1
BRDA:104,13,0,4
BRDA:106,14,0,3
BRDA:109,15,0,2
BRDA:109,16,0,2
BRDA:114,17,0,1
BRDA:120,18,0,12
BRDA:124,19,0,11
BRDA:129,20,0,12
BRDA:67,21,0,13
BRDA:88,22,0,22
BRDA:144,23,0,3
BRDA:154,24,0,1
BRDA:156,25,0,2
BRDA:160,26,0,1
BRDA:160,27,0,1
BRDA:151,28,0,3
BRF:29
BRH:28
end_of_record
TN:
SF:services/audit.service.ts
FN:37,recordAuditEntry
FN:66,getAuditEntriesForRun
FN:73,getRecentAuditEntries
FNF:3
FNH:3
FNDA:22,recordAuditEntry
FNDA:2,getAuditEntriesForRun
FNDA:3,getRecentAuditEntries
DA:1,1
DA:2,1
DA:3,1
DA:4,1
DA:5,1
DA:6,1
DA:7,1
DA:8,1
DA:9,1
DA:10,1
DA:11,1
DA:12,1
DA:13,1
DA:14,1
DA:15,1
DA:16,1
DA:17,1
DA:18,1
DA:19,1
DA:20,1
DA:21,1
DA:22,1
DA:23,1
DA:24,1
DA:25,1
DA:26,1
DA:27,1
DA:28,1
DA:29,1
DA:30,1
DA:31,1
DA:32,1
DA:33,1
DA:34,1
DA:35,1
DA:36,1
DA:37,1
DA:38,22
DA:39,22
DA:40,22
DA:41,22
DA:42,22
DA:43,22
DA:44,22
DA:45,22
DA:46,22
DA:47,22
DA:48,22
DA:49,22
DA:50,22
DA:51,22
DA:52,22
DA:53,22
DA:54,22
DA:55,22
DA:56,21
DA:57,21
DA:58,21
DA:59,21
DA:60,21
DA:61,22
DA:62,1
DA:63,1
DA:64,22
DA:65,1
DA:66,1
DA:67,2
DA:68,2
DA:69,2
DA:70,2
DA:71,2
DA:72,1
DA:73,1
DA:74,3
DA:75,3
DA:76,3
DA:77,3
DA:78,3
DA:79,3
LF:79
LH:79
BRDA:37,0,0,22
BRDA:44,1,0,13
BRDA:45,2,0,21
BRDA:49,3,0,4
BRDA:50,4,0,15
BRDA:51,5,0,8
BRDA:52,6,0,17
BRDA:53,7,0,16
BRDA:55,8,0,21
BRDA:61,9,0,1
BRDA:66,10,0,2
BRDA:73,11,0,3
BRF:12
BRH:12
end_of_record
TN:
SF:services/generation.service.ts
FN:26,startGeneration
FN:153,submitPreviewEdits
FN:206,confirmGeneration
FN:260,getGenerationRun
FN:269,listGenerationRuns
FNF:5
FNH:5
FNDA:6,startGeneration
FNDA:4,submitPreviewEdits
FNDA:5,confirmGeneration
FNDA:2,getGenerationRun
FNDA:2,listGenerationRuns
DA:1,1
DA:2,1
DA:3,1
DA:4,1
DA:5,1
DA:6,1
DA:7,1
DA:8,1
DA:9,1
DA:10,1
DA:11,1
DA:12,1
DA:13,1
DA:14,1
DA:15,1
DA:16,1
DA:17,1
DA:18,1
DA:19,1
DA:20,1
DA:21,1
DA:22,1
DA:23,1
DA:24,1
DA:25,1
DA:26,1
DA:27,6
DA:28,6
DA:29,6
DA:30,6
DA:31,6
DA:32,6
DA:33,6
DA:34,6
DA:35,6
DA:36,6
DA:37,6
DA:38,1
DA:39,1
DA:40,1
DA:41,1
DA:42,4
DA:43,4
DA:44,4
DA:45,4
DA:46,4
DA:47,4
DA:48,4
DA:49,4
DA:50,6
DA:51,6
DA:52,6
DA:53,6
DA:54,6
DA:55,6
DA:56,4
DA:57,4
DA:58,4
DA:59,4
DA:60,4
DA:61,4
DA:62,4
DA:63,4
DA:64,4
DA:65,4
DA:66,4
DA:67,4
DA:68,4
DA:69,4
DA:70,4
DA:71,4
DA:72,4
DA:73,4
DA:74,4
DA:75,6
DA:76,8
DA:77,8
DA:78,4
DA:79,4
DA:80,4
DA:81,4
DA:82,8
DA:83,8
DA:84,8
DA:85,8
DA:86,8
DA:87,8
DA:88,8
DA:89,8
DA:90,8
DA:91,8
DA:92,4
DA:93,4
DA:94,4
DA:95,4
DA:96,4
DA:97,4
DA:98,4
DA:99,4
DA:100,4
DA:101,4
DA:102,4
DA:103,4
DA:104,4
DA:105,3
DA:106,3
DA:107,3
DA:108,3
DA:109,3
DA:110,3
DA:111,3
DA:112,3
DA:113,3
DA:114,3
DA:115,3
DA:116,6
DA:117,6
DA:118,6
DA:119,6
DA:120,6
DA:121,6
DA:122,6
DA:123,6
DA:124,6
DA:125,6
DA:126,3
DA:127,6
DA:128,1
DA:129,1
DA:130,1
DA:131,1
DA:132,1
DA:133,1
DA:134,1
DA:135,1
DA:136,1
DA:137,1
DA:138,1
DA:139,1
DA:140,1
DA:141,1
DA:142,1
DA:143,1
DA:144,1
DA:145,1
DA:146,1
DA:147,6
DA:148,1
DA:149,1
DA:150,1
DA:151,1
DA:152,1
DA:153,1
DA:154,4
DA:155,4
DA:156,4
DA:157,4
DA:158,4
DA:159,4
DA:160,4
DA:161,1
DA:162,1
DA:163,2
DA:164,2
DA:165,2
DA:166,2
DA:167,2
DA:168,2
DA:169,1
DA:170,1
DA:171,1
DA:172,1
DA:173,1
DA:174,1
DA:175,1
DA:176,1
DA:177,1
DA:178,1
DA:179,1
DA:180,1
DA:181,1
DA:182,1
DA:183,1
DA:184,1
DA:185,1
DA:186,1
DA:187,1
DA:188,1
DA:189,1
DA:190,1
DA:191,1
DA:192,1
DA:193,1
DA:194,2
DA:195,2
DA:196,2
DA:197,2
DA:198,2
DA:199,2
DA:200,2
DA:201,1
DA:202,1
DA:203,1
DA:204,1
DA:205,1
DA:206,1
DA:207,5
DA:208,5
DA:209,5
DA:210,5
DA:211,5
DA:212,5
DA:213,5
DA:214,5
DA:215,5
DA:216,5
DA:217,1
DA:218,1
DA:219,3
DA:220,3
DA:221,3
DA:222,3
DA:223,3
DA:224,3
DA:225,3
DA:226,3
DA:227,3
DA:228,3
DA:229,3
DA:230,3
DA:231,3
DA:232,3
DA:233,3
DA:234,3
DA:235,2
DA:236,2
DA:237,2
DA:238,2
DA:239,2
DA:240,2
DA:241,2
DA:242,2
DA:243,2
DA:244,2
DA:245,2
DA:246,2
DA:247,5
DA:248,1
DA:249,1
DA:250,1
DA:251,1
DA:252,1
DA:253,1
DA:254,5
DA:255,1
DA:256,1
DA:257,1
DA:258,1
DA:259,1
DA:260,1
DA:261,2
DA:262,2
DA:263,2
DA:264,2
DA:265,2
DA:266,1
DA:267,1
DA:268,1
DA:269,1
DA:270,2
DA:271,2
DA:272,2
DA:273,2
DA:274,2
DA:275,2
LF:275
LH:275
BRDA:26,0,0,6
BRDA:36,1,0,1
BRDA:36,2,0,5
BRDA:37,3,0,1
BRDA:41,4,0,4
BRDA:55,5,0,4
BRDA:75,6,0,8
BRDA:76,7,0,4
BRDA:77,8,0,4
BRDA:104,9,0,3
BRDA:127,10,0,1
BRDA:132,11,0,0
BRDA:141,12,0,0
BRDA:145,13,0,0
BRDA:81,14,0,8
BRDA:88,15,0,0
BRDA:89,16,0,0
BRDA:115,17,0,6
BRDA:120,18,0,0
BRDA:153,19,0,4
BRDA:159,20,0,1
BRDA:159,21,0,3
BRDA:160,22,0,1
BRDA:162,23,0,2
BRDA:168,24,0,1
BRDA:206,25,0,5
BRDA:215,26,0,1
BRDA:215,27,0,4
BRDA:216,28,0,1
BRDA:218,29,0,3
BRDA:234,30,0,2
BRDA:247,31,0,1
BRDA:250,32,0,0
BRDA:252,33,0,0
BRDA:231,34,0,6
BRDA:260,35,0,2
BRDA:265,36,0,1
BRDA:269,37,0,2
BRF:38
BRH:30
end_of_record
TN:
SF:services/template.service.ts
FN:17,createTemplate
FN:57,getTemplate
FN:71,listTemplates
FN:81,updateTemplate
FN:112,archiveTemplate
FN:139,createTemplateField
FN:184,deleteTemplateField
FNF:7
FNH:7
FNDA:3,createTemplate
FNDA:3,getTemplate
FNDA:2,listTemplates
FNDA:3,updateTemplate
FNDA:2,archiveTemplate
FNDA:4,createTemplateField
FNDA:3,deleteTemplateField
DA:1,1
DA:2,1
DA:3,1
DA:4,1
DA:5,1
DA:6,1
DA:7,1
DA:8,1
DA:9,1
DA:10,1
DA:11,1
DA:12,1
DA:13,1
DA:14,1
DA:15,1
DA:16,1
DA:17,1
DA:18,3
DA:19,3
DA:20,3
DA:21,3
DA:22,3
DA:23,3
DA:24,3
DA:25,3
DA:26,3
DA:27,3
DA:28,1
DA:29,1
DA:30,1
DA:31,1
DA:32,2
DA:33,2
DA:34,2
DA:35,2
DA:36,2
DA:37,2
DA:38,3
DA:39,3
DA:40,3
DA:41,3
DA:42,3
DA:43,2
DA:44,2
DA:45,2
DA:46,2
DA:47,2
DA:48,2
DA:49,2
DA:50,2
DA:51,2
DA:52,2
DA:53,2
DA:54,2
DA:55,2
DA:56,1
DA:57,1
DA:58,3
DA:59,3
DA:60,3
DA:61,3
DA:62,3
DA:63,3
DA:64,3
DA:65,3
DA:66,3
DA:67,3
DA:68,2
DA:69,2
DA:70,1
DA:71,1
DA:72,2
DA:73,2
DA:74,2
DA:75,2
DA:76,2
DA:77,2
DA:78,2
DA:79,2
DA:80,1
DA:81,1
DA:82,3
DA:83,3
DA:84,3
DA:85,3
DA:86,3
DA:87,3
DA:88,3
DA:89,2
DA:90,2
DA:91,2
DA:92,2
DA:93,3
DA:94,3
DA:95,3
DA:96,3
DA:97,3
DA:98,2
DA:99,2
DA:100,2
DA:101,2
DA:102,2
DA:103,2
DA:104,2
DA:105,2
DA:106,2
DA:107,2
DA:108,2
DA:109,2
DA:110,2
DA:111,1
DA:112,1
DA:113,2
DA:114,2
DA:115,1
DA:116,1
DA:117,1
DA:118,1
DA:119,1
DA:120,1
DA:121,1
DA:122,1
DA:123,1
DA:124,1
DA:125,1
DA:126,1
DA:127,1
DA:128,1
DA:129,1
DA:130,1
DA:131,1
DA:132,1
DA:133,1
DA:134,1
DA:135,1
DA:136,1
DA:137,1
DA:138,1
DA:139,1
DA:140,4
DA:141,4
DA:142,4
DA:143,4
DA:144,4
DA:145,4
DA:146,3
DA:147,3
DA:148,3
DA:149,3
DA:150,4
DA:151,1
DA:152,1
DA:153,2
DA:154,2
DA:155,2
DA:156,2
DA:157,2
DA:158,2
DA:159,2
DA:160,2
DA:161,2
DA:162,4
DA:163,4
DA:164,4
DA:165,4
DA:166,4
DA:167,4
DA:168,4
DA:169,4
DA:170,2
DA:171,2
DA:172,2
DA:173,2
DA:174,2
DA:175,2
DA:176,2
DA:177,2
DA:178,2
DA:179,2
DA:180,2
DA:181,2
DA:182,2
DA:183,1
DA:184,1
DA:185,3
DA:186,3
DA:187,3
DA:188,3
DA:189,3
DA:190,3
DA:191,2
DA:192,2
DA:193,2
DA:194,2
DA:195,2
DA:196,2
DA:197,2
DA:198,2
DA:199,2
DA:200,2
DA:201,2
DA:202,2
DA:203,2
LF:203
LH:203
BRDA:17,0,0,3
BRDA:27,1,0,1
BRDA:31,2,0,2
BRDA:42,3,0,2
BRDA:57,4,0,3
BRDA:67,5,0,1
BRDA:67,6,0,2
BRDA:71,7,0,2
BRDA:73,8,0,1
BRDA:73,9,0,1
BRDA:81,10,0,3
BRDA:88,11,0,1
BRDA:88,12,0,2
BRDA:93,13,0,0
BRDA:94,14,0,2
BRDA:95,15,0,2
BRDA:97,16,0,2
BRDA:112,17,0,2
BRDA:114,18,0,1
BRDA:139,19,0,4
BRDA:145,20,0,1
BRDA:145,21,0,3
BRDA:150,22,0,1
BRDA:152,23,0,2
BRDA:162,24,0,2
BRDA:163,25,0,0
BRDA:164,26,0,2
BRDA:165,27,0,0
BRDA:166,28,0,2
BRDA:167,29,0,2
BRDA:169,30,0,2
BRDA:184,31,0,3
BRDA:190,32,0,1
BRDA:190,33,0,2
BRF:34
BRH:31
end_of_record
TN:
SF:validations/common.ts
FNF:0
FNH:0
DA:1,1
DA:2,1
DA:3,1
DA:4,1
DA:5,1
DA:6,1
DA:7,1
DA:8,1
DA:9,1
DA:10,1
DA:11,1
DA:12,1
DA:13,1
DA:14,1
DA:15,1
DA:16,1
DA:17,1
DA:18,1
DA:19,1
DA:20,1
DA:21,1
DA:22,1
DA:23,1
DA:24,1
DA:25,1
DA:26,1
LF:26
LH:26
BRF:0
BRH:0
end_of_record
TN:
SF:validations/generation.ts
FNF:0
FNH:0
DA:1,1
DA:2,1
DA:3,1
DA:4,1
DA:5,1
DA:6,1
DA:7,1
DA:8,1
DA:9,1
DA:10,1
DA:11,1
DA:12,1
DA:13,1
DA:14,1
DA:15,1
DA:16,1
DA:17,1
DA:18,1
DA:19,1
DA:20,1
DA:21,1
DA:22,1
DA:23,1
DA:24,1
DA:25,1
DA:26,1
DA:27,1
DA:28,1
DA:29,1
DA:30,1
DA:31,1
DA:32,1
DA:33,1
DA:34,1
DA:35,1
LF:35
LH:35
BRF:0
BRH:0
end_of_record
TN:
SF:validations/provider-config.ts
FNF:0
FNH:0
DA:1,1
DA:2,1
DA:3,1
DA:4,1
DA:5,1
DA:6,1
DA:7,1
DA:8,1
DA:9,1
DA:10,1
DA:11,1
DA:12,1
DA:13,1
DA:14,1
DA:15,1
DA:16,1
DA:17,1
DA:18,1
DA:19,1
DA:20,1
DA:21,1
DA:22,1
DA:23,1
DA:24,1
DA:25,1
DA:26,1
DA:27,1
DA:28,1
DA:29,1
DA:30,1
DA:31,1
DA:32,1
DA:33,1
DA:34,1
DA:35,1
DA:36,1
DA:37,1
DA:38,1
DA:39,1
DA:40,1
DA:41,1
DA:42,1
DA:43,1
DA:44,1
DA:45,1
DA:46,1
DA:47,1
DA:48,1
DA:49,1
DA:50,1
DA:51,1
DA:52,1
DA:53,1
DA:54,1
DA:55,1
LF:55
LH:55
BRF:0
BRH:0
end_of_record
TN:
SF:validations/provider.ts
FNF:0
FNH:0
DA:1,1
DA:2,1
DA:3,1
DA:4,1
DA:5,1
DA:6,1
DA:7,1
DA:8,1
DA:9,1
DA:10,1
DA:11,1
DA:12,1
DA:13,1
DA:14,1
DA:15,1
DA:16,1
DA:17,1
DA:18,1
DA:19,1
DA:20,1
DA:21,1
DA:22,1
DA:23,1
DA:24,1
DA:25,1
DA:26,1
DA:27,1
DA:28,1
DA:29,1
DA:30,1
DA:31,1
DA:32,1
DA:33,1
DA:34,1
DA:35,1
DA:36,1
DA:37,1
DA:38,1
DA:39,1
DA:40,1
DA:41,1
DA:42,1
DA:43,1
DA:44,1
DA:45,1
DA:46,1
DA:47,1
DA:48,1
DA:49,1
DA:50,1
DA:51,1
DA:52,1
DA:53,1
DA:54,1
DA:55,1
DA:56,1
DA:57,1
DA:58,1
LF:58
LH:58
BRF:0
BRH:0
end_of_record
TN:
SF:validations/template.ts
FNF:0
FNH:0
DA:1,1
DA:2,1
DA:3,1
DA:4,1
DA:5,1
DA:6,1
DA:7,1
DA:8,1
DA:9,1
DA:10,1
DA:11,1
DA:12,1
DA:13,1
DA:14,1
DA:15,1
DA:16,1
DA:17,1
DA:18,1
DA:19,1
DA:20,1
DA:21,1
DA:22,1
DA:23,1
DA:24,1
DA:25,1
DA:26,1
DA:27,1
DA:28,1
DA:29,1
DA:30,1
DA:31,1
DA:32,1
DA:33,1
DA:34,1
DA:35,1
DA:36,1
DA:37,1
DA:38,1
DA:39,1
DA:40,1
DA:41,1
DA:42,1
DA:43,1
DA:44,1
DA:45,1
DA:46,1
DA:47,1
DA:48,1
DA:49,1
DA:50,1
DA:51,1
DA:52,1
DA:53,1
DA:54,1
DA:55,1
DA:56,1
DA:57,1
DA:58,1
DA:59,1
DA:60,1
DA:61,1
DA:62,1
DA:63,1
DA:64,1
DA:65,1
DA:66,1
DA:67,1
DA:68,1
DA:69,1
DA:70,1
DA:71,1
DA:72,1
DA:73,1
DA:74,1
DA:75,1
DA:76,1
DA:77,1
DA:78,1
DA:79,1
DA:80,1
DA:81,1
DA:82,1
DA:83,1
DA:84,1
DA:85,1
DA:86,1
DA:87,1
DA:88,1
DA:89,1
DA:90,1
DA:91,1
DA:92,1
DA:93,1
DA:94,1
DA:95,1
DA:96,1
DA:97,1
DA:98,1
DA:99,1
DA:100,1
DA:101,1
DA:102,1
DA:103,1
DA:104,1
DA:105,1
DA:106,1
DA:107,1
DA:108,1
DA:109,1
DA:110,1
DA:111,1
DA:112,1
DA:113,1
DA:114,1
DA:115,1
DA:116,1
DA:117,1
DA:118,1
DA:119,1
DA:120,1
DA:121,1
DA:122,1
DA:123,1
DA:124,1
DA:125,1
DA:126,1
DA:127,1
DA:128,1
DA:129,1
DA:130,1
DA:131,1
DA:132,1
DA:133,1
DA:134,1
DA:135,1
DA:136,1
DA:137,1
DA:138,5
DA:139,2
DA:140,1
DA:141,1
DA:142,1
DA:143,1
DA:144,1
DA:145,1
DA:146,1
DA:147,1
LF:147
LH:147
BRDA:137,0,0,5
BRDA:138,1,0,2
BRF:2
BRH:2
end_of_record
